**********************
PowerShell transcript start
Start time: 20251105125650
Username: REDMOND\jostubbl
RunAs User: REDMOND\jostubbl
Configuration Name: 
Machine: JOSTUBBL-DSKTP (Microsoft Windows NT 10.0.26200.0)
Host Application: C:\Program Files\PowerShell\7\pwsh.dll -NoProfile -ExecutionPolicy Bypass -Command Import-Module 'c:\Users\jostubbl.REDMOND\.vscode\extensions\ms-vscode.powershell-2025.4.0\modules\PowerShellEditorServices\PowerShellEditorServices.psd1'; Start-EditorServices -HostName 'Visual Studio Code Host' -HostProfileId 'Microsoft.VSCode' -HostVersion '2025.4.0' -BundledModulesPath 'c:\Users\jostubbl.REDMOND\.vscode\extensions\ms-vscode.powershell-2025.4.0\modules' -EnableConsoleRepl -StartupBanner "PowerShell Extension v2025.4.0
Copyright (c) Microsoft Corporation.

https://aka.ms/vscode-powershell
Type 'help' to get help.
" -LogLevel 'Warning' -LogPath 'c:\Users\jostubbl.REDMOND\AppData\Roaming\Code\logs\20251104T152428\window1\exthost\ms-vscode.powershell' -SessionDetailsPath 'c:\Users\jostubbl.REDMOND\AppData\Roaming\Code\User\globalStorage\ms-vscode.powershell\sessions\PSES-VSCode-27112-637007.json' -FeatureFlags @() 
Process ID: 32704
PSVersion: 7.5.4
PSEdition: Core
GitCommitId: 7.5.4
OS: Microsoft Windows 10.0.26200
Platform: Win32NT
PSCompatibleVersions: 1.0, 2.0, 3.0, 4.0, 5.0, 5.1, 6.0, 7.0
PSRemotingProtocolVersion: 2.3
SerializationVersion: 1.1.0.1
WSManStackVersion: 3.0
**********************
Transcript started, output file is build.log
=== ARM Template Generator - Build & Deploy ===
Build log will be saved to: build.log

Using current version: 0.2.0

Building Docker image...

✓ Docker image built successfully
  Tags: c964registry.azurecr.io/arm-template-generator:0.2.0, c964registry.azurecr.io/arm-template-generator:latest

Logging into Azure Container Registry...

✓ Logged in successfully
Pushing to Azure Container Registry...

✓ Pushed: c964registry.azurecr.io/arm-template-generator:0.2.0

✓ Pushed: c964registry.azurecr.io/arm-template-generator:latest
Logging out of ACR...

✓ Logged out of ACR

=== Build & Deploy Complete ===

Next steps:
  1. Restart your Azure Container App to use the new image
     az containerapp revision restart --name arm-template-generator --resource-group <your-rg>

  2. Or trigger automatic deployment if configured

**********************
PowerShell transcript end
End time: 20251105125741
**********************
